#! /usr/bin/vvp
:ivl_version "10.3 (stable)";
:ivl_delay_selection "TYPICAL";
:vpi_time_precision + 0;
:vpi_module "system";
:vpi_module "vhdl_sys";
:vpi_module "v2005_math";
:vpi_module "va_math";
S_0x556422791130 .scope module, "adder" "adder" 2 1;
 .timescale 0 0;
    .port_info 0 /INPUT 5 "data_in_0"
    .port_info 1 /INPUT 5 "data_in_1"
    .port_info 2 /OUTPUT 11 "data_out"
P_0x556422790390 .param/l "INPUT_WIDTH" 0 2 2, +C4<00000000000000000000000000000101>;
P_0x5564227903d0 .param/l "OUTPUT_WIDTH" 0 2 3, +C4<00000000000000000000000000001011>;
v0x5564227a3e30_0 .net *"_s0", 10 0, L_0x5564227d5190;  1 drivers
L_0x7f098f97f018 .functor BUFT 1, C4<000000>, C4<0>, C4<0>, C4<0>;
v0x5564227d4b70_0 .net *"_s3", 5 0, L_0x7f098f97f018;  1 drivers
v0x5564227d4c50_0 .net *"_s4", 10 0, L_0x5564227d52e0;  1 drivers
L_0x7f098f97f060 .functor BUFT 1, C4<000000>, C4<0>, C4<0>, C4<0>;
v0x5564227d4d40_0 .net *"_s7", 5 0, L_0x7f098f97f060;  1 drivers
o0x7f098f9c80d8 .functor BUFZ 5, C4<zzzzz>; HiZ drive
v0x5564227d4e20_0 .net "data_in_0", 4 0, o0x7f098f9c80d8;  0 drivers
o0x7f098f9c8108 .functor BUFZ 5, C4<zzzzz>; HiZ drive
v0x5564227d4f50_0 .net "data_in_1", 4 0, o0x7f098f9c8108;  0 drivers
v0x5564227d5030_0 .net "data_out", 10 0, L_0x5564227d5430;  1 drivers
L_0x5564227d5190 .concat [ 5 6 0 0], o0x7f098f9c80d8, L_0x7f098f97f018;
L_0x5564227d52e0 .concat [ 5 6 0 0], o0x7f098f9c8108, L_0x7f098f97f060;
L_0x5564227d5430 .arith/sum 11, L_0x5564227d5190, L_0x5564227d52e0;
# The file index is used to find the file name in the following table.
:file_names 3;
    "N/A";
    "<interactive>";
    "adder.v";
